{"meta": {"format": 3, "version": "7.10.3", "timestamp": "2025-08-14T13:34:50.644015", "branch_coverage": false, "show_contexts": false}, "files": {"src/sntutils/__init__.py": {"executed_lines": [1, 3, 4, 5, 7, 9], "summary": {"covered_lines": 5, "num_statements": 5, "percent_covered": 100.0, "percent_covered_display": "100", "missing_lines": 0, "excluded_lines": 0}, "missing_lines": [], "excluded_lines": [], "functions": {"": {"executed_lines": [1, 3, 4, 5, 7, 9], "summary": {"covered_lines": 5, "num_statements": 5, "percent_covered": 100.0, "percent_covered_display": "100", "missing_lines": 0, "excluded_lines": 0}, "missing_lines": [], "excluded_lines": []}}, "classes": {"": {"executed_lines": [1, 3, 4, 5, 7, 9], "summary": {"covered_lines": 5, "num_statements": 5, "percent_covered": 100.0, "percent_covered_display": "100", "missing_lines": 0, "excluded_lines": 0}, "missing_lines": [], "excluded_lines": []}}}, "src/sntutils/climate/__init__.py": {"executed_lines": [1, 3, 5], "summary": {"covered_lines": 2, "num_statements": 2, "percent_covered": 100.0, "percent_covered_display": "100", "missing_lines": 0, "excluded_lines": 0}, "missing_lines": [], "excluded_lines": [], "functions": {"": {"executed_lines": [1, 3, 5], "summary": {"covered_lines": 2, "num_statements": 2, "percent_covered": 100.0, "percent_covered_display": "100", "missing_lines": 0, "excluded_lines": 0}, "missing_lines": [], "excluded_lines": []}}, "classes": {"": {"executed_lines": [1, 3, 5], "summary": {"covered_lines": 2, "num_statements": 2, "percent_covered": 100.0, "percent_covered_display": "100", "missing_lines": 0, "excluded_lines": 0}, "missing_lines": [], "excluded_lines": []}}}, "src/sntutils/climate/download_chirps.py": {"executed_lines": [1, 9, 10, 11, 12, 13, 14, 15, 16, 18, 19, 20, 21, 23, 25, 28, 38, 39, 40, 41, 42, 44, 45, 46, 47, 48, 49, 50, 52, 55, 56, 57, 59, 61, 64, 65, 74, 75, 77, 78, 79, 80, 83, 104, 129, 156, 158, 159, 160, 162, 163, 164, 165, 167, 171, 172, 174, 175, 178, 179, 181, 182, 191, 195, 196, 199, 200, 203, 204, 205, 206, 218, 220, 221, 222, 225, 264, 265, 266, 271, 272, 273, 274, 277, 278, 279, 280, 282, 283, 284, 285, 288, 289, 291, 292, 294, 297, 298, 299, 301, 302, 303, 304, 305, 306, 309, 310, 311, 313, 314, 315, 318, 319, 320, 321, 323, 326, 327, 328, 329, 332, 333, 335, 336, 338], "summary": {"covered_lines": 124, "num_statements": 132, "percent_covered": 93.93939393939394, "percent_covered_display": "94", "missing_lines": 8, "excluded_lines": 0}, "missing_lines": [168, 169, 192, 193, 210, 211, 212, 213], "excluded_lines": [], "functions": {"retry": {"executed_lines": [38, 39, 61], "summary": {"covered_lines": 3, "num_statements": 3, "percent_covered": 100.0, "percent_covered_display": "100", "missing_lines": 0, "excluded_lines": 0}, "missing_lines": [], "excluded_lines": []}, "retry.decorator": {"executed_lines": [40, 59], "summary": {"covered_lines": 2, "num_statements": 2, "percent_covered": 100.0, "percent_covered_display": "100", "missing_lines": 0, "excluded_lines": 0}, "missing_lines": [], "excluded_lines": []}, "retry.decorator.wrapper": {"executed_lines": [41, 42, 44, 45, 46, 47, 48, 49, 50, 52, 55, 56, 57], "summary": {"covered_lines": 13, "num_statements": 13, "percent_covered": 100.0, "percent_covered_display": "100", "missing_lines": 0, "excluded_lines": 0}, "missing_lines": [], "excluded_lines": []}, "_download_file_with_retry": {"executed_lines": [74, 75, 77, 78, 79, 80], "summary": {"covered_lines": 6, "num_statements": 6, "percent_covered": 100.0, "percent_covered_display": "100", "missing_lines": 0, "excluded_lines": 0}, "missing_lines": [], "excluded_lines": []}, "chirps_options": {"executed_lines": [104], "summary": {"covered_lines": 1, "num_statements": 1, "percent_covered": 100.0, "percent_covered_display": "100", "missing_lines": 0, "excluded_lines": 0}, "missing_lines": [], "excluded_lines": []}, "check_chirps_available": {"executed_lines": [156, 158, 159, 160, 162, 163, 164, 165, 167, 171, 172, 174, 175, 178, 179, 181, 182, 191, 195, 196, 199, 200, 203, 204, 205, 206, 218, 220, 221, 222], "summary": {"covered_lines": 30, "num_statements": 38, "percent_covered": 78.94736842105263, "percent_covered_display": "79", "missing_lines": 8, "excluded_lines": 0}, "missing_lines": [168, 169, 192, 193, 210, 211, 212, 213], "excluded_lines": []}, "download_chirps": {"executed_lines": [264, 265, 266, 271, 272, 273, 274, 277, 278, 279, 280, 282, 283, 284, 285, 288, 289, 291, 292, 294, 297, 298, 299, 301, 302, 303, 304, 305, 306, 309, 310, 311, 313, 314, 315, 318, 319, 320, 321, 323, 326, 327, 328, 329, 332, 333, 335, 336, 338], "summary": {"covered_lines": 49, "num_statements": 49, "percent_covered": 100.0, "percent_covered_display": "100", "missing_lines": 0, "excluded_lines": 0}, "missing_lines": [], "excluded_lines": []}, "": {"executed_lines": [1, 9, 10, 11, 12, 13, 14, 15, 16, 18, 19, 20, 21, 23, 25, 28, 64, 65, 83, 129, 225], "summary": {"covered_lines": 20, "num_statements": 20, "percent_covered": 100.0, "percent_covered_display": "100", "missing_lines": 0, "excluded_lines": 0}, "missing_lines": [], "excluded_lines": []}}, "classes": {"": {"executed_lines": [1, 9, 10, 11, 12, 13, 14, 15, 16, 18, 19, 20, 21, 23, 25, 28, 38, 39, 40, 41, 42, 44, 45, 46, 47, 48, 49, 50, 52, 55, 56, 57, 59, 61, 64, 65, 74, 75, 77, 78, 79, 80, 83, 104, 129, 156, 158, 159, 160, 162, 163, 164, 165, 167, 171, 172, 174, 175, 178, 179, 181, 182, 191, 195, 196, 199, 200, 203, 204, 205, 206, 218, 220, 221, 222, 225, 264, 265, 266, 271, 272, 273, 274, 277, 278, 279, 280, 282, 283, 284, 285, 288, 289, 291, 292, 294, 297, 298, 299, 301, 302, 303, 304, 305, 306, 309, 310, 311, 313, 314, 315, 318, 319, 320, 321, 323, 326, 327, 328, 329, 332, 333, 335, 336, 338], "summary": {"covered_lines": 124, "num_statements": 132, "percent_covered": 93.93939393939394, "percent_covered_display": "94", "missing_lines": 8, "excluded_lines": 0}, "missing_lines": [168, 169, 192, 193, 210, 211, 212, 213], "excluded_lines": []}}}, "src/sntutils/config.py": {"executed_lines": [1, 3, 4, 5, 7, 8, 10, 14, 17, 28, 29, 31, 32, 33, 35, 37, 44, 45, 46, 47, 48, 49, 50, 51, 53, 55, 56, 57, 59, 60, 62, 63, 65, 67, 69, 71, 72, 74, 78, 82, 84, 90, 92, 93, 100], "summary": {"covered_lines": 43, "num_statements": 47, "percent_covered": 91.48936170212765, "percent_covered_display": "91", "missing_lines": 4, "excluded_lines": 0}, "missing_lines": [11, 12, 76, 80], "excluded_lines": [], "functions": {"Config.__init__": {"executed_lines": [32, 33], "summary": {"covered_lines": 2, "num_statements": 2, "percent_covered": 100.0, "percent_covered_display": "100", "missing_lines": 0, "excluded_lines": 0}, "missing_lines": [], "excluded_lines": []}, "Config._load_config": {"executed_lines": [37, 44, 45, 46, 47, 48, 49, 50, 51], "summary": {"covered_lines": 9, "num_statements": 9, "percent_covered": 100.0, "percent_covered_display": "100", "missing_lines": 0, "excluded_lines": 0}, "missing_lines": [], "excluded_lines": []}, "Config._load_yaml_config": {"executed_lines": [55, 56, 57, 59, 60, 62, 63], "summary": {"covered_lines": 7, "num_statements": 7, "percent_covered": 100.0, "percent_covered_display": "100", "missing_lines": 0, "excluded_lines": 0}, "missing_lines": [], "excluded_lines": []}, "Config.get": {"executed_lines": [67], "summary": {"covered_lines": 1, "num_statements": 1, "percent_covered": 100.0, "percent_covered_display": "100", "missing_lines": 0, "excluded_lines": 0}, "missing_lines": [], "excluded_lines": []}, "Config.get_download_dir": {"executed_lines": [71, 72], "summary": {"covered_lines": 2, "num_statements": 2, "percent_covered": 100.0, "percent_covered_display": "100", "missing_lines": 0, "excluded_lines": 0}, "missing_lines": [], "excluded_lines": []}, "Config.get_chunk_size": {"executed_lines": [], "summary": {"covered_lines": 0, "num_statements": 1, "percent_covered": 0.0, "percent_covered_display": "0", "missing_lines": 1, "excluded_lines": 0}, "missing_lines": [76], "excluded_lines": []}, "Config.get_timeout": {"executed_lines": [], "summary": {"covered_lines": 0, "num_statements": 1, "percent_covered": 0.0, "percent_covered_display": "0", "missing_lines": 1, "excluded_lines": 0}, "missing_lines": [80], "excluded_lines": []}, "Config.get_retry_config": {"executed_lines": [84], "summary": {"covered_lines": 1, "num_statements": 1, "percent_covered": 100.0, "percent_covered_display": "100", "missing_lines": 0, "excluded_lines": 0}, "missing_lines": [], "excluded_lines": []}, "Config.setup_logging": {"executed_lines": [92, 93], "summary": {"covered_lines": 2, "num_statements": 2, "percent_covered": 100.0, "percent_covered_display": "100", "missing_lines": 0, "excluded_lines": 0}, "missing_lines": [], "excluded_lines": []}, "": {"executed_lines": [1, 3, 4, 5, 7, 8, 10, 14, 17, 28, 29, 31, 35, 53, 65, 69, 74, 78, 82, 90, 100], "summary": {"covered_lines": 19, "num_statements": 21, "percent_covered": 90.47619047619048, "percent_covered_display": "90", "missing_lines": 2, "excluded_lines": 0}, "missing_lines": [11, 12], "excluded_lines": []}}, "classes": {"Config": {"executed_lines": [32, 33, 37, 44, 45, 46, 47, 48, 49, 50, 51, 55, 56, 57, 59, 60, 62, 63, 67, 71, 72, 84, 92, 93], "summary": {"covered_lines": 24, "num_statements": 26, "percent_covered": 92.3076923076923, "percent_covered_display": "92", "missing_lines": 2, "excluded_lines": 0}, "missing_lines": [76, 80], "excluded_lines": []}, "": {"executed_lines": [1, 3, 4, 5, 7, 8, 10, 14, 17, 28, 29, 31, 35, 53, 65, 69, 74, 78, 82, 90, 100], "summary": {"covered_lines": 19, "num_statements": 21, "percent_covered": 90.47619047619048, "percent_covered_display": "90", "missing_lines": 2, "excluded_lines": 0}, "missing_lines": [11, 12], "excluded_lines": []}}}}, "totals": {"covered_lines": 174, "num_statements": 186, "percent_covered": 93.54838709677419, "percent_covered_display": "94", "missing_lines": 12, "excluded_lines": 0}}